<?xml version="1.0" encoding="UTF-8"?>
<!-- Generated by org.testng.reporters.JUnitReportReporter -->
<testsuite skipped="0" hostname="LAPTOP-VEMGEP59" name="Test.day3" tests="3" failures="0" timestamp="2020-02-02T20:27:43 PST" time="0.007" errors="0">
  <testcase name="webLoginCarLoan" time="0.001" classname="Test.day3"/>
  <testcase name="mobileLoginCarLoan" time="0.004" classname="Test.day3"/>
  <testcase name="apiLoginCarLoan" time="0.002" classname="Test.day3"/>
</testsuite> <!-- Test.day3 -->
