<?xml version="1.0" encoding="UTF-8"?>
<!-- Generated by org.testng.reporters.JUnitReportReporter -->
<testsuite skipped="0" hostname="LAPTOP-VEMGEP59" name="Test.Annotations2" tests="1" failures="0" timestamp="2020-02-03T20:13:26 PST" time="6.832" errors="0">
  <testcase name="Login" time="6.832" classname="Test.Annotations2"/>
</testsuite> <!-- Test.Annotations2 -->
