<?xml version="1.0" encoding="UTF-8"?>
<!-- Generated by org.testng.reporters.JUnitReportReporter -->
<testsuite skipped="0" hostname="LAPTOP-VEMGEP59" name="Test.day5" tests="3" failures="0" timestamp="2020-02-02T21:20:25 PST" time="0.009" errors="0">
  <testcase name="testRunData" time="0.001" classname="Test.day5"/>
  <testcase name="testRunData" time="0.001" classname="Test.day5"/>
  <testcase name="testRunData" time="0.007" classname="Test.day5"/>
</testsuite> <!-- Test.day5 -->
