<?xml version="1.0" encoding="UTF-8"?>
<!-- Generated by org.testng.reporters.JUnitReportReporter -->
<testsuite skipped="0" hostname="LAPTOP-VEMGEP59" name="Test.day2" tests="1" failures="0" timestamp="2020-02-02T20:27:43 PST" time="0.002" errors="0">
  <testcase name="Loan" time="0.002" classname="Test.day2"/>
</testsuite> <!-- Test.day2 -->
