<?xml version="1.0" encoding="UTF-8"?>
<!-- Generated by org.testng.reporters.JUnitReportReporter -->
<testsuite skipped="0" hostname="LAPTOP-VEMGEP59" name="Test.day4" tests="5" failures="0" timestamp="2020-02-02T20:27:43 PST" time="0.008" errors="0">
  <testcase name="mobileSignoutHomeLoan" time="0.001" classname="Test.day4"/>
  <testcase name="mobileSigninHomeLoan" time="0.001" classname="Test.day4"/>
  <testcase name="apiLoginHomeLoan" time="0.002" classname="Test.day4"/>
  <testcase name="webLoginHomeLoan" time="0.002" classname="Test.day4"/>
  <testcase name="mobileLoginHomeLoan" time="0.002" classname="Test.day4"/>
</testsuite> <!-- Test.day4 -->
